app/build/intermediates/manifest_merge_blame_file/debug/processDebugManifest/manifest-merger-blame-debug-report.txt
1<?xml version="1.0" encoding="utf-8"?>
2<manifest xmlns:android="http://schemas.android.com/apk/res/android"
3    xmlns:tools="http://schemas.android.com/tools"
4    package="com.app.bmicalculator" >
5
6    <uses-sdk android:minSdkVersion="24" />
7
8    <uses-permission android:name="android.permission.CHANGE_NETWORK_STATE" />
8-->src/main/AndroidManifest.xml:5:5-79
8-->src/main/AndroidManifest.xml:5:22-76
9    <uses-permission android:name="android.permission.INTERNET" />
9-->src/main/AndroidManifest.xml:6:5-67
9-->src/main/AndroidManifest.xml:6:22-64
10    <uses-permission android:name="android.permission.ACCESS_WIFI_STATE" />
10-->src/main/AndroidManifest.xml:7:5-76
10-->src/main/AndroidManifest.xml:7:22-73
11    <uses-permission android:name="android.permission.ACCESS_NETWORK_STATE" />
11-->src/main/AndroidManifest.xml:8:5-79
11-->src/main/AndroidManifest.xml:8:22-76
12
13    <application>
13-->src/main/AndroidManifest.xml:11:5-21:19
14        <activity
14-->src/main/AndroidManifest.xml:13:9-18:56
15            android:name="com.app.bmicalculator.view.activity.MainActivity"
15-->src/main/AndroidManifest.xml:14:13-76
16            android:exported="true"
16-->src/main/AndroidManifest.xml:15:13-36
17            android:screenOrientation="portrait"
17-->src/main/AndroidManifest.xml:16:13-49
18            android:windowSoftInputMode="stateVisible|adjustResize"
18-->src/main/AndroidManifest.xml:17:13-68
19            tools:ignore="LockedOrientationActivity" />
19-->src/main/AndroidManifest.xml:18:13-53
20    </application>
21
22</manifest>